<?xml version="1.0" encoding="UTF-8"?>
<testsuite xmlns:xsi="http://www.w3.org/2001/XMLSchema-instance" xsi:noNamespaceSchemaLocation="https://maven.apache.org/surefire/maven-surefire-plugin/xsd/surefire-test-report.xsd" name="com.sweetmanagement.bdd.steps.acceptTest" time="1.956" tests="28" errors="0" skipped="0" failures="6">
  <properties>
[...]
</properties>
  <testcase name="View posts" classname="Posts and Feedback Management" time="0.347"/>
  <testcase name="Delete a post" classname="Posts and Feedback Management" time="0.029"/>
  <testcase name="View feedback" classname="Posts and Feedback Management" time="0.018"/>
  <testcase name="Delete feedback" classname="Posts and Feedback Management" time="0.03"/>
  <testcase name="Display number of registered users by city" classname="Gather and display statistics on registered users by City" time="0.018"/>
  <testcase name="Update Store owner account details" classname="Account Management" time="0.033">
    <failure message="Name should be updated. expected:&lt;[New Store Name]&gt; but was:&lt;[Sweet Treats]&gt;" type="org.junit.ComparisonFailure"><![CDATA[org.junit.ComparisonFailure: Name should be updated. expected:<[New Store Name]> but was:<[Sweet Treats]>
]]></failure>
  </testcase>
  <testcase name="Update Supplier account details" classname="Account Management" time="0.02">
    <failure message="Name should be updated. expected:&lt;[Updated Supplier Name]&gt; but was:&lt;[Sweet Supplier]&gt;" type="org.junit.ComparisonFailure"><![CDATA[org.junit.ComparisonFailure: Name should be updated. expected:<[Updated Supplier Name]> but was:<[Sweet Supplier]>
]]></failure>
  </testcase>
  <testcase name="Messaging between users and suppliers" classname="Messaging feature" time="0.028"/>
  <testcase name="Messaging between users and store" classname="Messaging feature" time="0.02"/>
  <testcase name="Messaging between store and suppliers" classname="Messaging feature" time="0.015"/>
  <testcase name="Display all sales" classname="Monitor Sales and best selling" time="0.017"/>
  <testcase name="Display best-selling product" classname="Monitor Sales and best selling" time="0.017"/>
  <testcase name="Monitor profits and generate financial reports" classname="Monitor and Report" time="0.02">
    <failure message="expected:&lt;3000.0&gt; but was:&lt;0.0&gt;" type="java.lang.AssertionError"><![CDATA[java.lang.AssertionError: expected:<3000.0> but was:<0.0>
]]></failure>
  </testcase>
  <testcase name="Identify best-selling products in each store" classname="Monitor and Report" time="0.028">
    <failure type="java.lang.AssertionError">java.lang.AssertionError
</failure>
  </testcase>
  <testcase name="Sign up for a new account" classname="Normal User Management" time="0.023"/>
  <testcase name="Sign in to the platform" classname="Normal User Management" time="0.035"/>
  <testcase name="Manage personal account" classname="Normal User Management" time="0.02"/>
  <testcase name="Post personal dessert creations" classname="Normal User Post" time="0.022"/>
  <testcase name="Search for dessert posts by title" classname="Normal User Post" time="0.017"/>
  <testcase name="Search for dessert posts by tag" classname="Normal User Post" time="0.016"/>
  <testcase name="Add a new product" classname="Product Management" time="0.022"/>
  <testcase name="update an existing product" classname="Product Management" time="0.092">
    <failure message="Product with ID 123 should exist." type="java.lang.AssertionError">java.lang.AssertionError: Product with ID 123 should exist.
</failure>
  </testcase>
  <testcase name="Remove a product" classname="Product Management" time="0.03">
    <failure message="Product with ID 123 should exist." type="java.lang.AssertionError">java.lang.AssertionError: Product with ID 123 should exist.
</failure>
  </testcase>
  <testcase name="Purchase desserts directly from store owners" classname="Purchase Desserts" time="0.022"/>
  <testcase name="Add a new store owner" classname="User Management" time="0.026"/>
  <testcase name="Add a new raw material supplier" classname="User Management" time="0.044"/>
  <testcase name="Remove an existing store owner" classname="User Management" time="0.073"/>
  <testcase name="Remove an existing raw material supplier" classname="User Management" time="0.07"/>
</testsuite>