<?xml version="1.0" encoding="UTF-8"?>
<testsuite xmlns:xsi="http://www.w3.org/2001/XMLSchema-instance" xsi:noNamespaceSchemaLocation="https://maven.apache.org/surefire/maven-surefire-plugin/xsd/surefire-test-report.xsd" name="com.sweetmanagement.bdd.steps.acceptTest" time="1.272" tests="28" errors="0" skipped="0" failures="0">
  <properties>
[...]
</properties>
  <testcase name="View posts" classname="Posts and Feedback Management" time="0.194"/>
  <testcase name="Delete a post" classname="Posts and Feedback Management" time="0.013"/>
  <testcase name="View feedback" classname="Posts and Feedback Management" time="0.018"/>
  <testcase name="Delete feedback" classname="Posts and Feedback Management" time="0.015"/>
  <testcase name="Display number of registered users by city" classname="Gather and display statistics on registered users by City" time="0.016"/>
  <testcase name="Update Store owner account details" classname="Account Management" time="0.014"/>
  <testcase name="Update Supplier account details" classname="Account Management" time="0.012"/>
  <testcase name="Messaging between users and suppliers" classname="Messaging feature" time="0.01"/>
  <testcase name="Messaging between users and store" classname="Messaging feature" time="0.008"/>
  <testcase name="Messaging between store and suppliers" classname="Messaging feature" time="0.006"/>
  <testcase name="Display all sales" classname="Monitor Sales and best selling" time="0.01"/>
  <testcase name="Display best-selling product" classname="Monitor Sales and best selling" time="0.01"/>
  <testcase name="Monitor profits and generate financial reports" classname="Monitor and Report" time="0.008"/>
  <testcase name="Identify best-selling products in each store" classname="Monitor and Report" time="0.007"/>
  <testcase name="Sign up for a new account" classname="Normal User Management" time="0.007"/>
  <testcase name="Sign in to the platform" classname="Normal User Management" time="0.006"/>
  <testcase name="Manage personal account" classname="Normal User Management" time="0.005"/>
  <testcase name="Post personal dessert creations" classname="Normal User Post" time="0.012"/>
  <testcase name="Search for dessert posts by title" classname="Normal User Post" time="0.01"/>
  <testcase name="Search for dessert posts by tag" classname="Normal User Post" time="0.01"/>
  <testcase name="Add a new product" classname="Product Management" time="0.01"/>
  <testcase name="update an existing product" classname="Product Management" time="0.028"/>
  <testcase name="Remove a product" classname="Product Management" time="0.01"/>
  <testcase name="Purchase desserts directly from store owners" classname="Purchase Desserts" time="0.019"/>
  <testcase name="Add a new store owner" classname="User Management" time="0.008"/>
  <testcase name="Add a new raw material supplier" classname="User Management" time="0.005"/>
  <testcase name="Remove an existing store owner" classname="User Management" time="0.009"/>
  <testcase name="Remove an existing raw material supplier" classname="User Management" time="0.007"/>
</testsuite>